
> imoveis-web@0.0.0 start
> ng serve --host 0.0.0.0

[33m>[39m Building...
[32m√[39m Building...
[1mInitial chunk files[22m[2m | [22m[1mNames[22m              [2m | [22m [1mRaw size[22m
[32mmain.js[39m            [2m | [22m[2mmain[22m               [2m | [22m [36m19.70 kB[39m[2m | [22m
[32mchunk-G3BNZZIW.js[39m  [2m | [22m[2m-[22m                  [2m | [22m [36m18.68 kB[39m[2m | [22m
[32mstyles.css[39m         [2m | [22m[2mstyles[22m             [2m | [22m [36m16.34 kB[39m[2m | [22m
[32mchunk-QXF2F7ZO.js[39m  [2m | [22m[2m-[22m                  [2m | [22m  [36m5.26 kB[39m[2m | [22m
[32mchunk-JBMDLPY5.js[39m  [2m | [22m[2m-[22m                  [2m | [22m  [36m2.83 kB[39m[2m | [22m
[32mchunk-25OWDQDY.js[39m  [2m | [22m[2m-[22m                  [2m | [22m  [36m2.56 kB[39m[2m | [22m
[32mchunk-VUJOFXKG.js[39m  [2m | [22m[2m-[22m                  [2m | [22m[36m938 bytes[39m[2m | [22m
[32mchunk-ISZVTZKR.js[39m  [2m | [22m[2m-[22m                  [2m | [22m[36m538 bytes[39m[2m | [22m

[1m [22m                  [2m | [22m[1mInitial total[22m      [2m | [22m [1m66.83 kB[22m

[1mLazy chunk files[22m   [2m | [22m[1mNames[22m              [2m | [22m [1mRaw size[22m
[32mchunk-K4EO3V4H.js[39m  [2m | [22m[2mimoveis-detail-page[22m[2m | [22m [36m87.85 kB[39m[2m | [22m
[32mchunk-BR2C7FEC.js[39m  [2m | [22m[2mimoveis-form-page[22m  [2m | [22m [36m77.13 kB[39m[2m | [22m
[32mchunk-FIA2WIL3.js[39m  [2m | [22m[2mlocacoes-page[22m      [2m | [22m [36m64.45 kB[39m[2m | [22m
[32mchunk-HOLJCWR6.js[39m  [2m | [22m[2mimoveis-page[22m       [2m | [22m [36m55.11 kB[39m[2m | [22m
[32mchunk-VU2R4GJA.js[39m  [2m | [22m[2mdashboard-page[22m     [2m | [22m [36m53.71 kB[39m[2m | [22m
[32mchunk-6KQEYPLX.js[39m  [2m | [22m[2m-[22m                  [2m | [22m [36m48.57 kB[39m[2m | [22m
[32mchunk-F7T6DSCZ.js[39m  [2m | [22m[2mdespesas-page[22m      [2m | [22m [36m48.56 kB[39m[2m | [22m
[32mchunk-OCKG4DTB.js[39m  [2m | [22m[2mlocacoes-form-page[22m [2m | [22m [36m48.35 kB[39m[2m | [22m
[32mchunk-S4ZX3TQD.js[39m  [2m | [22m[2mconfiguracoes-page[22m [2m | [22m [36m37.33 kB[39m[2m | [22m
[32mchunk-CQILGX2V.js[39m  [2m | [22m[2m-[22m                  [2m | [22m [36m36.73 kB[39m[2m | [22m
[32mchunk-XRRKXR25.js[39m  [2m | [22m[2mpendencias-page[22m    [2m | [22m [36m36.59 kB[39m[2m | [22m
[32mchunk-WVBELGOF.js[39m  [2m | [22m[2mprivate-routes[22m     [2m | [22m [36m32.55 kB[39m[2m | [22m
[32mchunk-LUAPAZC5.js[39m  [2m | [22m[2mpessoas-page[22m       [2m | [22m [36m29.98 kB[39m[2m | [22m
[32mchunk-2KVNACU6.js[39m  [2m | [22m[2mdespesas-form-page[22m [2m | [22m [36m21.84 kB[39m[2m | [22m
[32mchunk-RJ5KHNRH.js[39m  [2m | [22m[2mlocatarios-page[22m    [2m | [22m [36m20.27 kB[39m[2m | [22m
[2m...and 35 more lazy chunks files. Use "--verbose" to show all the files.[22m

Application bundle generation complete. [16.788 seconds] - 2026-04-22T02:52:28.087Z

Watch mode enabled. Watching for file changes...
NOTE: Raw file sizes do not reflect development server per-request transformations.
  [32m➜[39m  [1mLocal[22m:   [36mhttp://localhost:[1m4200[22m/[39m
  [32m➜[39m  [1mNetwork[22m: [36mhttp://172.27.144.1:[1m4200[22m/[39m
  [32m➜[39m  [1mNetwork[22m: [36mhttp://172.23.64.1:[1m4200[22m/[39m
  [32m➜[39m  [1mNetwork[22m: [36mhttp://192.168.15.50:[1m4200[22m/[39m
[2m[32m  ➜[39m[22m[2m  press [22m[1mh + enter[22m[2m to show help[22m
